This file contains any messages produced by compilers while
running configure, to aid debugging if configure makes a mistake.

It was created by tsung configure 1.6.0, which was
generated by GNU Autoconf 2.69.  Invocation command line was

  $ ./configure --no-create --no-recursion

## --------- ##
## Platform. ##
## --------- ##

hostname = stand-N751JK
uname -m = x86_64
uname -r = 4.4.0-72-generic
uname -s = Linux
uname -v = #93-Ubuntu SMP Fri Mar 31 14:07:41 UTC 2017

/usr/bin/uname -p = unknown
/bin/uname -X     = unknown

/bin/arch              = unknown
/usr/bin/arch -k       = unknown
/usr/convex/getsysinfo = unknown
/usr/bin/hostinfo      = unknown
/bin/machine           = unknown
/usr/bin/oslevel       = unknown
/bin/universe          = unknown

PATH: /usr/local/sbin
PATH: /usr/local/bin
PATH: /usr/sbin
PATH: /usr/bin
PATH: /sbin
PATH: /bin
PATH: /snap/bin
PATH: /snap/bin
PATH: /usr/lib/jvm/java-8-oracle/bin
PATH: /usr/lib/jvm/java-8-oracle/db/bin
PATH: /usr/lib/jvm/java-8-oracle/jre/bin


## ----------- ##
## Core tests. ##
## ----------- ##

configure:1800: checking for sed
configure:1818: found /bin/sed
configure:1830: result: /bin/sed
configure:1902: checking for erlc
configure:1921: found /usr/bin/erlc
configure:1933: result: /usr/bin/erlc
configure:2010: checking for erl
configure:2029: found /usr/bin/erl
configure:2041: result: /usr/bin/erl
configure:2067: checking for dialyzer
configure:2086: found /usr/bin/dialyzer
configure:2099: result: /usr/bin/dialyzer
configure:2112: checking for erl
configure:2130: found /usr/bin/erl
configure:2142: result: /usr/bin/erl
configure:2201: checking for erlc
configure:2203: result: /usr/bin/erlc
configure:2311: checking for erl
configure:2313: result: /usr/bin/erl
configure:2420: checking for Erlang/OTP root directory
configure:2446: $ERLC $ERLCFLAGS -b beam conftest.$ac_ext >&5 && echo "#!/bin/sh" > conftest$ac_exeext && $as_echo "\"$ERL\" -run conftest start -run init stop -noshell" >> conftest$ac_exeext && chmod +x conftest$ac_exeext
configure:2446: $? = 0
configure:2446: ./conftest
configure:2446: $? = 0
configure:2465: result: /usr/lib/erlang
configure:2471: checking for Erlang/OTP 'xmerl' library subdirectory
configure:2502: $ERLC $ERLCFLAGS -b beam conftest.$ac_ext >&5 && echo "#!/bin/sh" > conftest$ac_exeext && $as_echo "\"$ERL\" -run conftest start -run init stop -noshell" >> conftest$ac_exeext && chmod +x conftest$ac_exeext
configure:2502: $? = 0
configure:2502: ./conftest
configure:2502: $? = 0
configure:2525: result: /usr/lib/erlang/lib/xmerl-1.3.10
configure:2527: checking for Erlang/OTP 'xmerl' library version
configure:2538: result: 1.3.10
configure:2548: checking for Erlang/OTP 'ssl' library subdirectory
configure:2579: $ERLC $ERLCFLAGS -b beam conftest.$ac_ext >&5 && echo "#!/bin/sh" > conftest$ac_exeext && $as_echo "\"$ERL\" -run conftest start -run init stop -noshell" >> conftest$ac_exeext && chmod +x conftest$ac_exeext
configure:2579: $? = 0
configure:2579: ./conftest
configure:2579: $? = 0
configure:2602: result: /usr/lib/erlang/lib/ssl-7.3
configure:2604: checking for Erlang/OTP 'ssl' library version
configure:2615: result: 7.3
configure:2625: checking for Erlang/OTP 'crypto' library subdirectory
configure:2656: $ERLC $ERLCFLAGS -b beam conftest.$ac_ext >&5 && echo "#!/bin/sh" > conftest$ac_exeext && $as_echo "\"$ERL\" -run conftest start -run init stop -noshell" >> conftest$ac_exeext && chmod +x conftest$ac_exeext
configure:2656: $? = 0
configure:2656: ./conftest
configure:2656: $? = 0
configure:2679: result: /usr/lib/erlang/lib/crypto-3.6.3
configure:2681: checking for Erlang/OTP 'crypto' library version
configure:2692: result: 3.6.3
configure:2702: checking for Erlang/OTP 'public_key' library subdirectory
configure:2733: $ERLC $ERLCFLAGS -b beam conftest.$ac_ext >&5 && echo "#!/bin/sh" > conftest$ac_exeext && $as_echo "\"$ERL\" -run conftest start -run init stop -noshell" >> conftest$ac_exeext && chmod +x conftest$ac_exeext
configure:2733: $? = 0
configure:2733: ./conftest
configure:2733: $? = 0
configure:2756: result: /usr/lib/erlang/lib/public_key-1.1.1
configure:2758: checking for Erlang/OTP 'public_key' library version
configure:2769: result: 1.1.1
configure:2780: checking if Erlang/OTP SSL application is running fine
configure:2805: $ERLC $ERLCFLAGS -b beam conftest.$ac_ext >&5 && echo "#!/bin/sh" > conftest$ac_exeext && $as_echo "\"$ERL\" -run conftest start -run init stop -noshell" >> conftest$ac_exeext && chmod +x conftest$ac_exeext
conftest.erl:7: Warning: variable 'Err' is unused
configure:2805: $? = 0
configure:2805: ./conftest
configure:2805: $? = 1
configure: program exited with status 1
configure: failed program was:
| -module(conftest).
| -export([start/0]).
| 
| start() ->
|          case application:start(ssl) of
|            ok  -> ok;
|            Err -> halt(1)
|          end,
|          halt(0)
| .
| 
configure:2832: $ERLC $ERLCFLAGS -b beam conftest.$ac_ext >&5 && echo "#!/bin/sh" > conftest$ac_exeext && $as_echo "\"$ERL\" -run conftest start -run init stop -noshell" >> conftest$ac_exeext && chmod +x conftest$ac_exeext
conftest.erl:10: Warning: variable 'Err' is unused
configure:2832: $? = 0
configure:2832: ./conftest
configure:2832: $? = 0
configure:2852: result: yes
configure:2857: checking if Erlang/OTP crypto application is running fine
configure:2889: $ERLC $ERLCFLAGS -b beam conftest.$ac_ext >&5 && echo "#!/bin/sh" > conftest$ac_exeext && $as_echo "\"$ERL\" -run conftest start -run init stop -noshell" >> conftest$ac_exeext && chmod +x conftest$ac_exeext
conftest.erl:7: Warning: crypto:md5/1 is deprecated and will be removed in in a future release; use crypto:hash/2
configure:2889: $? = 0
configure:2889: ./conftest
configure:2889: $? = 0
configure:2901: result: yes
configure:2904: checking if orelse is allowed in guards
configure:2929: $ERLC $ERLCFLAGS -b beam conftest.$ac_ext >&5 && echo "#!/bin/sh" > conftest$ac_exeext && $as_echo "\"$ERL\" -run conftest start -run init stop -noshell" >> conftest$ac_exeext && chmod +x conftest$ac_exeext
conftest.erl:6: Warning: the guard for this clause evaluates to 'false'
configure:2929: $? = 0
configure:2929: ./conftest
configure:2929: $? = 0
configure:2941: result: yes
configure:2953: checking whether make sets $(MAKE)
configure:2975: result: yes
configure:3027: checking for a BSD-compatible install
configure:3095: result: /usr/bin/install -c
configure:3135: Storing library files in /usr/lib
configure:3165: Storing data files in /usr/share/tsung
configure:3321: creating ./config.status

## ---------------- ##
## Cache variables. ##
## ---------------- ##

ac_cv_env_ERLCFLAGS_set=
ac_cv_env_ERLCFLAGS_value=
ac_cv_env_ERLC_set=
ac_cv_env_ERLC_value=
ac_cv_env_ERL_set=
ac_cv_env_ERL_value=
ac_cv_env_build_alias_set=
ac_cv_env_build_alias_value=
ac_cv_env_host_alias_set=
ac_cv_env_host_alias_value=
ac_cv_env_target_alias_set=
ac_cv_env_target_alias_value=
ac_cv_erlang_lib_dir_crypto=/usr/lib/erlang/lib/crypto-3.6.3
ac_cv_erlang_lib_dir_public_key=/usr/lib/erlang/lib/public_key-1.1.1
ac_cv_erlang_lib_dir_ssl=/usr/lib/erlang/lib/ssl-7.3
ac_cv_erlang_lib_dir_xmerl=/usr/lib/erlang/lib/xmerl-1.3.10
ac_cv_erlang_lib_ver_crypto=3.6.3
ac_cv_erlang_lib_ver_public_key=1.1.1
ac_cv_erlang_lib_ver_ssl=7.3
ac_cv_erlang_lib_ver_xmerl=1.3.10
ac_cv_erlang_root_dir=/usr/lib/erlang
ac_cv_path_DIALYZER=/usr/bin/dialyzer
ac_cv_path_SED=/bin/sed
ac_cv_path_ac_prefix_program=/usr/bin/erl
ac_cv_path_ac_pt_ERL=/usr/bin/erl
ac_cv_path_ac_pt_ERLC=/usr/bin/erlc
ac_cv_path_install='/usr/bin/install -c'
ac_cv_prog_make_make_set=yes
erlang_cv_crypto_runnable=yes
erlang_cv_orelse=yes
erlang_cv_ssl_runnable=yes

## ----------------- ##
## Output variables. ##
## ----------------- ##

CONFIGURE_DEPENDENCIES='vsn.mk'
CONFIG_STATUS_DEPENDENCIES='vsn.mk'
DEFS='-DPACKAGE_NAME=\"tsung\" -DPACKAGE_TARNAME=\"tsung\" -DPACKAGE_VERSION=\"1.6.0\" -DPACKAGE_STRING=\"tsung\ 1.6.0\" -DPACKAGE_BUGREPORT=\"tsung-users@process-one.net\" -DPACKAGE_URL=\"\"'
DIALYZER='/usr/bin/dialyzer'
DTD='tsung-1.0.dtd'
ECHO_C=''
ECHO_N='-n'
ECHO_T=''
ERL='/usr/bin/erl'
ERLANG_APPLICATIONS='kernel,stdlib,asn1,crypto,public_key,ssl,crypto'
ERLANG_LIB_DIR_crypto='/usr/lib/erlang/lib/crypto-3.6.3'
ERLANG_LIB_DIR_public_key='/usr/lib/erlang/lib/public_key-1.1.1'
ERLANG_LIB_DIR_ssl='/usr/lib/erlang/lib/ssl-7.3'
ERLANG_LIB_DIR_xmerl='/usr/lib/erlang/lib/xmerl-1.3.10'
ERLANG_LIB_VER_crypto='3.6.3'
ERLANG_LIB_VER_public_key='1.1.1'
ERLANG_LIB_VER_ssl='7.3'
ERLANG_LIB_VER_xmerl='1.3.10'
ERLANG_ROOT_DIR='/usr/lib/erlang'
ERLC='/usr/bin/erlc'
ERLCFLAGS=''
ERL_OPTS=''
EXPANDED_LIBDIR='/usr/lib'
EXPANDED_SHAREDIR='/usr/share/tsung'
INSTALL_DATA='${INSTALL} -m 644'
INSTALL_PROGRAM='${INSTALL}'
INSTALL_SCRIPT='${INSTALL}'
LIBOBJS=''
LIBS=''
LTLIBOBJS=''
PACKAGE_BUGREPORT='tsung-users@process-one.net'
PACKAGE_NAME='tsung'
PACKAGE_STRING='tsung 1.6.0'
PACKAGE_TARNAME='tsung'
PACKAGE_URL=''
PACKAGE_VERSION='1.6.0'
PATH_SEPARATOR=':'
SED='/bin/sed'
SET_MAKE=''
SHELL='/bin/bash'
TEMPLATES_SUBDIR='tsung/templates'
ac_prefix_program='/usr/bin/erl'
bindir='${exec_prefix}/bin'
build_alias=''
datadir='${datarootdir}'
datarootdir='${prefix}/share'
docdir='${datarootdir}/doc/${PACKAGE_TARNAME}'
dvidir='${docdir}'
erlang_cv_orelse='yes'
exec_prefix='${prefix}'
host_alias=''
htmldir='${docdir}'
includedir='${prefix}/include'
infodir='${datarootdir}/info'
libdir='${exec_prefix}/lib'
libexecdir='${exec_prefix}/libexec'
localedir='${datarootdir}/locale'
localstatedir='${prefix}/var'
mandir='${datarootdir}/man'
oldincludedir='/usr/include'
pdfdir='${docdir}'
prefix='/usr'
program_transform_name='s,x,x,'
psdir='${docdir}'
runstatedir='${localstatedir}/run'
sbindir='${exec_prefix}/sbin'
sharedstatedir='${prefix}/com'
sysconfdir='${prefix}/etc'
target_alias=''

## ----------- ##
## confdefs.h. ##
## ----------- ##

/* confdefs.h */
#define PACKAGE_NAME "tsung"
#define PACKAGE_TARNAME "tsung"
#define PACKAGE_VERSION "1.6.0"
#define PACKAGE_STRING "tsung 1.6.0"
#define PACKAGE_BUGREPORT "tsung-users@process-one.net"
#define PACKAGE_URL ""

configure: exit 0

## ---------------------- ##
## Running config.status. ##
## ---------------------- ##

This file was extended by tsung config.status 1.6.0, which was
generated by GNU Autoconf 2.69.  Invocation command line was

  CONFIG_FILES    = 
  CONFIG_HEADERS  = 
  CONFIG_LINKS    = 
  CONFIG_COMMANDS = 
  $ ./config.status --file=Makefile

on stand-N751JK

config.status:: creating Makefile

## ---------------------- ##
## Running config.status. ##
## ---------------------- ##

This file was extended by tsung config.status 1.6.0, which was
generated by GNU Autoconf 2.69.  Invocation command line was

  CONFIG_FILES    = 
  CONFIG_HEADERS  = 
  CONFIG_LINKS    = 
  CONFIG_COMMANDS = 
  $ ./config.status --file=src/tsung_percentile.pl

on stand-N751JK

config.status:: creating src/tsung_percentile.pl

## ---------------------- ##
## Running config.status. ##
## ---------------------- ##

This file was extended by tsung config.status 1.6.0, which was
generated by GNU Autoconf 2.69.  Invocation command line was

  CONFIG_FILES    = 
  CONFIG_HEADERS  = 
  CONFIG_LINKS    = 
  CONFIG_COMMANDS = 
  $ ./config.status --file=src/tsung-rrd.pl

on stand-N751JK

config.status:: creating src/tsung-rrd.pl

## ---------------------- ##
## Running config.status. ##
## ---------------------- ##

This file was extended by tsung config.status 1.6.0, which was
generated by GNU Autoconf 2.69.  Invocation command line was

  CONFIG_FILES    = 
  CONFIG_HEADERS  = 
  CONFIG_LINKS    = 
  CONFIG_COMMANDS = 
  $ ./config.status --file=ebin/tsung_controller.app:src/tsung_controller/tsung_controller.app.in

on stand-N751JK

config.status:: creating ebin/tsung_controller.app

## ---------------------- ##
## Running config.status. ##
## ---------------------- ##

This file was extended by tsung config.status 1.6.0, which was
generated by GNU Autoconf 2.69.  Invocation command line was

  CONFIG_FILES    = 
  CONFIG_HEADERS  = 
  CONFIG_LINKS    = 
  CONFIG_COMMANDS = 
  $ ./config.status --file=ebin/tsung.app:src/tsung/tsung.app.in

on stand-N751JK

config.status:: creating ebin/tsung.app

## ---------------------- ##
## Running config.status. ##
## ---------------------- ##

This file was extended by tsung config.status 1.6.0, which was
generated by GNU Autoconf 2.69.  Invocation command line was

  CONFIG_FILES    = 
  CONFIG_HEADERS  = 
  CONFIG_LINKS    = 
  CONFIG_COMMANDS = 
  $ ./config.status --file=ebin/tsung_recorder.app:src/tsung_recorder/tsung_recorder.app.in

on stand-N751JK

config.status:: creating ebin/tsung_recorder.app

## ---------------------- ##
## Running config.status. ##
## ---------------------- ##

This file was extended by tsung config.status 1.6.0, which was
generated by GNU Autoconf 2.69.  Invocation command line was

  CONFIG_FILES    = 
  CONFIG_HEADERS  = 
  CONFIG_LINKS    = 
  CONFIG_COMMANDS = 
  $ ./config.status --file=examples/http_tag.xml

on stand-N751JK

config.status:: creating examples/http_tag.xml

## ---------------------- ##
## Running config.status. ##
## ---------------------- ##

This file was extended by tsung config.status 1.6.0, which was
generated by GNU Autoconf 2.69.  Invocation command line was

  CONFIG_FILES    = 
  CONFIG_HEADERS  = 
  CONFIG_LINKS    = 
  CONFIG_COMMANDS = 
  $ ./config.status --file=examples/jabber_starttls.xml

on stand-N751JK

config.status:: creating examples/jabber_starttls.xml

## ---------------------- ##
## Running config.status. ##
## ---------------------- ##

This file was extended by tsung config.status 1.6.0, which was
generated by GNU Autoconf 2.69.  Invocation command line was

  CONFIG_FILES    = 
  CONFIG_HEADERS  = 
  CONFIG_LINKS    = 
  CONFIG_COMMANDS = 
  $ ./config.status --file=examples/jabber_privacy.xml

on stand-N751JK

config.status:: creating examples/jabber_privacy.xml

## ---------------------- ##
## Running config.status. ##
## ---------------------- ##

This file was extended by tsung config.status 1.6.0, which was
generated by GNU Autoconf 2.69.  Invocation command line was

  CONFIG_FILES    = 
  CONFIG_HEADERS  = 
  CONFIG_LINKS    = 
  CONFIG_COMMANDS = 
  $ ./config.status --file=examples/http-oauth.xml

on stand-N751JK

config.status:: creating examples/http-oauth.xml

## ---------------------- ##
## Running config.status. ##
## ---------------------- ##

This file was extended by tsung config.status 1.6.0, which was
generated by GNU Autoconf 2.69.  Invocation command line was

  CONFIG_FILES    = 
  CONFIG_HEADERS  = 
  CONFIG_LINKS    = 
  CONFIG_COMMANDS = 
  $ ./config.status --file=examples/jabber_muc.xml

on stand-N751JK

config.status:: creating examples/jabber_muc.xml

## ---------------------- ##
## Running config.status. ##
## ---------------------- ##

This file was extended by tsung config.status 1.6.0, which was
generated by GNU Autoconf 2.69.  Invocation command line was

  CONFIG_FILES    = 
  CONFIG_HEADERS  = 
  CONFIG_LINKS    = 
  CONFIG_COMMANDS = 
  $ ./config.status --file=examples/bosh.xml

on stand-N751JK

config.status:: creating examples/bosh.xml

## ---------------------- ##
## Running config.status. ##
## ---------------------- ##

This file was extended by tsung config.status 1.6.0, which was
generated by GNU Autoconf 2.69.  Invocation command line was

  CONFIG_FILES    = 
  CONFIG_HEADERS  = 
  CONFIG_LINKS    = 
  CONFIG_COMMANDS = 
  $ ./config.status --file=examples/http_distributed.xml

on stand-N751JK

config.status:: creating examples/http_distributed.xml

## ---------------------- ##
## Running config.status. ##
## ---------------------- ##

This file was extended by tsung config.status 1.6.0, which was
generated by GNU Autoconf 2.69.  Invocation command line was

  CONFIG_FILES    = 
  CONFIG_HEADERS  = 
  CONFIG_LINKS    = 
  CONFIG_COMMANDS = 
  $ ./config.status --file=examples/jabber_roster.xml

on stand-N751JK

config.status:: creating examples/jabber_roster.xml

## ---------------------- ##
## Running config.status. ##
## ---------------------- ##

This file was extended by tsung config.status 1.6.0, which was
generated by GNU Autoconf 2.69.  Invocation command line was

  CONFIG_FILES    = 
  CONFIG_HEADERS  = 
  CONFIG_LINKS    = 
  CONFIG_COMMANDS = 
  $ ./config.status --file=examples/ldap.xml

on stand-N751JK

config.status:: creating examples/ldap.xml

## ---------------------- ##
## Running config.status. ##
## ---------------------- ##

This file was extended by tsung config.status 1.6.0, which was
generated by GNU Autoconf 2.69.  Invocation command line was

  CONFIG_FILES    = 
  CONFIG_HEADERS  = 
  CONFIG_LINKS    = 
  CONFIG_COMMANDS = 
  $ ./config.status --file=examples/raw.xml

on stand-N751JK

config.status:: creating examples/raw.xml

## ---------------------- ##
## Running config.status. ##
## ---------------------- ##

This file was extended by tsung config.status 1.6.0, which was
generated by GNU Autoconf 2.69.  Invocation command line was

  CONFIG_FILES    = 
  CONFIG_HEADERS  = 
  CONFIG_LINKS    = 
  CONFIG_COMMANDS = 
  $ ./config.status --file=examples/fs-nfs.xml

on stand-N751JK

config.status:: creating examples/fs-nfs.xml

## ---------------------- ##
## Running config.status. ##
## ---------------------- ##

This file was extended by tsung config.status 1.6.0, which was
generated by GNU Autoconf 2.69.  Invocation command line was

  CONFIG_FILES    = 
  CONFIG_HEADERS  = 
  CONFIG_LINKS    = 
  CONFIG_COMMANDS = 
  $ ./config.status --file=examples/thinks.xml

on stand-N751JK

config.status:: creating examples/thinks.xml

## ---------------------- ##
## Running config.status. ##
## ---------------------- ##

This file was extended by tsung config.status 1.6.0, which was
generated by GNU Autoconf 2.69.  Invocation command line was

  CONFIG_FILES    = 
  CONFIG_HEADERS  = 
  CONFIG_LINKS    = 
  CONFIG_COMMANDS = 
  $ ./config.status --file=examples/jabber_register.xml

on stand-N751JK

config.status:: creating examples/jabber_register.xml

## ---------------------- ##
## Running config.status. ##
## ---------------------- ##

This file was extended by tsung config.status 1.6.0, which was
generated by GNU Autoconf 2.69.  Invocation command line was

  CONFIG_FILES    = 
  CONFIG_HEADERS  = 
  CONFIG_LINKS    = 
  CONFIG_COMMANDS = 
  $ ./config.status --file=examples/amqp.xml

on stand-N751JK

config.status:: creating examples/amqp.xml

## ---------------------- ##
## Running config.status. ##
## ---------------------- ##

This file was extended by tsung config.status 1.6.0, which was
generated by GNU Autoconf 2.69.  Invocation command line was

  CONFIG_FILES    = 
  CONFIG_HEADERS  = 
  CONFIG_LINKS    = 
  CONFIG_COMMANDS = 
  $ ./config.status --file=examples/thinks2.xml

on stand-N751JK

config.status:: creating examples/thinks2.xml

## ---------------------- ##
## Running config.status. ##
## ---------------------- ##

This file was extended by tsung config.status 1.6.0, which was
generated by GNU Autoconf 2.69.  Invocation command line was

  CONFIG_FILES    = 
  CONFIG_HEADERS  = 
  CONFIG_LINKS    = 
  CONFIG_COMMANDS = 
  $ ./config.status --file=examples/http-digest.xml

on stand-N751JK

config.status:: creating examples/http-digest.xml

## ---------------------- ##
## Running config.status. ##
## ---------------------- ##

This file was extended by tsung config.status 1.6.0, which was
generated by GNU Autoconf 2.69.  Invocation command line was

  CONFIG_FILES    = 
  CONFIG_HEADERS  = 
  CONFIG_LINKS    = 
  CONFIG_COMMANDS = 
  $ ./config.status --file=examples/jabber.xml

on stand-N751JK

config.status:: creating examples/jabber.xml

## ---------------------- ##
## Running config.status. ##
## ---------------------- ##

This file was extended by tsung config.status 1.6.0, which was
generated by GNU Autoconf 2.69.  Invocation command line was

  CONFIG_FILES    = 
  CONFIG_HEADERS  = 
  CONFIG_LINKS    = 
  CONFIG_COMMANDS = 
  $ ./config.status --file=examples/mysql.xml

on stand-N751JK

config.status:: creating examples/mysql.xml

## ---------------------- ##
## Running config.status. ##
## ---------------------- ##

This file was extended by tsung config.status 1.6.0, which was
generated by GNU Autoconf 2.69.  Invocation command line was

  CONFIG_FILES    = 
  CONFIG_HEADERS  = 
  CONFIG_LINKS    = 
  CONFIG_COMMANDS = 
  $ ./config.status --file=examples/websocket.xml

on stand-N751JK

config.status:: creating examples/websocket.xml

## ---------------------- ##
## Running config.status. ##
## ---------------------- ##

This file was extended by tsung config.status 1.6.0, which was
generated by GNU Autoconf 2.69.  Invocation command line was

  CONFIG_FILES    = 
  CONFIG_HEADERS  = 
  CONFIG_LINKS    = 
  CONFIG_COMMANDS = 
  $ ./config.status --file=examples/mqtt.xml

on stand-N751JK

config.status:: creating examples/mqtt.xml

## ---------------------- ##
## Running config.status. ##
## ---------------------- ##

This file was extended by tsung config.status 1.6.0, which was
generated by GNU Autoconf 2.69.  Invocation command line was

  CONFIG_FILES    = 
  CONFIG_HEADERS  = 
  CONFIG_LINKS    = 
  CONFIG_COMMANDS = 
  $ ./config.status --file=examples/jabber_node.xml

on stand-N751JK

config.status:: creating examples/jabber_node.xml

## ---------------------- ##
## Running config.status. ##
## ---------------------- ##

This file was extended by tsung config.status 1.6.0, which was
generated by GNU Autoconf 2.69.  Invocation command line was

  CONFIG_FILES    = 
  CONFIG_HEADERS  = 
  CONFIG_LINKS    = 
  CONFIG_COMMANDS = 
  $ ./config.status --file=examples/pgsql.xml

on stand-N751JK

config.status:: creating examples/pgsql.xml

## ---------------------- ##
## Running config.status. ##
## ---------------------- ##

This file was extended by tsung config.status 1.6.0, which was
generated by GNU Autoconf 2.69.  Invocation command line was

  CONFIG_FILES    = 
  CONFIG_HEADERS  = 
  CONFIG_LINKS    = 
  CONFIG_COMMANDS = 
  $ ./config.status --file=examples/http_setdynvars.xml

on stand-N751JK

config.status:: creating examples/http_setdynvars.xml

## ---------------------- ##
## Running config.status. ##
## ---------------------- ##

This file was extended by tsung config.status 1.6.0, which was
generated by GNU Autoconf 2.69.  Invocation command line was

  CONFIG_FILES    = 
  CONFIG_HEADERS  = 
  CONFIG_LINKS    = 
  CONFIG_COMMANDS = 
  $ ./config.status --file=examples/http_simple.xml

on stand-N751JK

config.status:: creating examples/http_simple.xml
